__main__-2020-11-16 16:42:11,160-DEBUG-デバッグログ
__main__-2020-11-16 16:42:11,161-INFO-インフォログ
__main__-2020-11-16 16:42:11,163-WARNING-ワーニングログ
__main__-2020-11-16 16:42:11,164-ERROR-エラーログ
__main__-2020-11-16 16:42:11,164-CRITICAL-クリティカルログ
__main__-2020-11-16 16:42:12,165-DEBUG-デバッグログ
__main__-2020-11-16 16:42:12,165-INFO-インフォログ
__main__-2020-11-16 16:42:12,169-WARNING-ワーニングログ
__main__-2020-11-16 16:42:12,170-ERROR-エラーログ
__main__-2020-11-16 16:42:12,170-CRITICAL-クリティカルログ
__main__-2020-11-16 16:42:13,171-DEBUG-デバッグログ
__main__-2020-11-16 16:42:13,172-INFO-インフォログ
__main__-2020-11-16 16:42:13,174-WARNING-ワーニングログ
__main__-2020-11-16 16:42:13,176-ERROR-エラーログ
__main__-2020-11-16 16:42:13,176-CRITICAL-クリティカルログ
__main__-2020-11-16 16:42:14,177-DEBUG-デバッグログ
__main__-2020-11-16 16:42:14,177-INFO-インフォログ
__main__-2020-11-16 16:42:14,178-WARNING-ワーニングログ
__main__-2020-11-16 16:42:14,180-ERROR-エラーログ
__main__-2020-11-16 16:42:14,180-CRITICAL-クリティカルログ
__main__-2020-11-16 16:42:15,180-DEBUG-デバッグログ
__main__-2020-11-16 16:42:15,180-INFO-インフォログ
__main__-2020-11-16 16:42:15,180-WARNING-ワーニングログ
__main__-2020-11-16 16:42:15,182-ERROR-エラーログ
__main__-2020-11-16 16:42:15,182-CRITICAL-クリティカルログ
